<?xml version="1.0" encoding="UTF-8"?>
<!-- Generated by org.testng.reporters.JUnitXMLReporter -->
<testsuite ignored="0" hostname="LAPTOP-U3GTK72O" failures="0" tests="3" name="Default test" time="0.043" errors="0" timestamp="2024-11-12T08:21:58 IST">
  <testcase classname="com.RoofRocketai.Testcases.BaseClass" name="@BeforeClass driverInitialize" time="-1.731379918261E9">
    <failure type="org.testng.TestNGException" message="
Parameter &amp;apos;bwname&amp;apos; is required by BeforeClass on method driverInitialize but has not been marked @Optional or defined
in C:\Users\sirim\AppData\Local\Temp\testng-eclipse-2016909150\testng-customsuite.xml">
      <![CDATA[org.testng.TestNGException: 
Parameter 'bwname' is required by BeforeClass on method driverInitialize but has not been marked @Optional or defined
in C:\Users\sirim\AppData\Local\Temp\testng-eclipse-2016909150\testng-customsuite.xml
at org.testng.internal.Parameters.createParams(Parameters.java:267)
at org.testng.internal.Parameters.createParametersForMethod(Parameters.java:355)
at org.testng.internal.Parameters.createParameters(Parameters.java:684)
at org.testng.internal.Parameters.createConfigurationParameters(Parameters.java:166)
at org.testng.internal.invokers.ConfigInvoker.invokeConfigurations(ConfigInvoker.java:277)
at org.testng.internal.invokers.TestMethodWorker.invokeBeforeClassMethods(TestMethodWorker.java:180)
at org.testng.internal.invokers.TestMethodWorker.run(TestMethodWorker.java:122)
at java.base/java.util.ArrayList.forEach(ArrayList.java:1511)
at org.testng.TestRunner.privateRun(TestRunner.java:829)
at org.testng.TestRunner.run(TestRunner.java:602)
at org.testng.SuiteRunner.runTest(SuiteRunner.java:437)
at org.testng.SuiteRunner.runSequentially(SuiteRunner.java:431)
at org.testng.SuiteRunner.privateRun(SuiteRunner.java:391)
at org.testng.SuiteRunner.run(SuiteRunner.java:330)
at org.testng.SuiteRunnerWorker.runSuite(SuiteRunnerWorker.java:52)
at org.testng.SuiteRunnerWorker.run(SuiteRunnerWorker.java:95)
at org.testng.TestNG.runSuitesSequentially(TestNG.java:1256)
at org.testng.TestNG.runSuitesLocally(TestNG.java:1176)
at org.testng.TestNG.runSuites(TestNG.java:1099)
at org.testng.TestNG.run(TestNG.java:1067)
at org.testng.remote.AbstractRemoteTestNG.run(AbstractRemoteTestNG.java:115)
at org.testng.remote.RemoteTestNG.initAndRun(RemoteTestNG.java:251)
at org.testng.remote.RemoteTestNG.main(RemoteTestNG.java:77)
]]>
    </failure>
  </testcase> <!-- @BeforeClass driverInitialize -->
  <testcase classname="com.RoofRocketai.Testcases.BaseClass" name="@BeforeMethod getParameterName" time="0.0">
    <skipped/>
  </testcase> <!-- @BeforeMethod getParameterName -->
  <testcase classname="com.RoofRocketai.Testcases.BaseClass" name="@AfterMethod getResult" time="0.0">
    <skipped/>
  </testcase> <!-- @AfterMethod getResult -->
  <testcase classname="com.RoofRocketai.Testcases.BaseClass" name="@BeforeMethod getParameterName" time="0.0">
    <skipped/>
  </testcase> <!-- @BeforeMethod getParameterName -->
  <testcase classname="com.RoofRocketai.Testcases.BaseClass" name="@AfterMethod getResult" time="0.0">
    <skipped/>
  </testcase> <!-- @AfterMethod getResult -->
  <testcase classname="com.RoofRocketai.Testcases.BaseClass" name="@BeforeMethod getParameterName" time="0.0">
    <skipped/>
  </testcase> <!-- @BeforeMethod getParameterName -->
  <testcase classname="com.RoofRocketai.Testcases.BaseClass" name="@AfterMethod getResult" time="0.0">
    <skipped/>
  </testcase> <!-- @AfterMethod getResult -->
  <testcase classname="com.RoofRocketai.Testcases.BaseClass" name="@AfterClass driverClose" time="0.0">
    <skipped/>
  </testcase> <!-- @AfterClass driverClose -->
  <testcase classname="com.RoofRocketai.Testcases.UserCreateFormPageTest" name="verifyValidUser" time="0.0">
    <skipped/>
  </testcase> <!-- verifyValidUser -->
  <testcase classname="com.RoofRocketai.Testcases.UserCreateFormPageTest" name="verifyInvalidUser" time="0.0">
    <skipped/>
  </testcase> <!-- verifyInvalidUser -->
  <testcase classname="com.RoofRocketai.Testcases.UserCreateFormPageTest" name="verifyUserFormMissingDetails" time="0.0">
    <skipped/>
  </testcase> <!-- verifyUserFormMissingDetails -->
</testsuite> <!-- Default test -->
