<?xml version="1.0" encoding="UTF-8"?>
<!-- Generated by org.testng.reporters.JUnitXMLReporter -->
<testsuite ignored="4" hostname="LAPTOP-U3GTK72O" failures="2" tests="6" name="TestChrome" time="130.659" errors="0" timestamp="2024-11-12T12:02:07 IST">
  <testcase classname="com.RoofRocketai.Testcases.LoginPageTest" name="verifySignIn" time="27.415"/>
  <testcase classname="com.RoofRocketai.Testcases.LoginPageTest" name="verifyInvalidSignIn" time="3.057">
    <failure type="java.lang.AssertionError" message="*** Signin is not successful for invalid credentials. Verify !!! ***
 expected [true] but found [false]">
      <![CDATA[java.lang.AssertionError: *** Signin is not successful for invalid credentials. Verify !!! ***
 expected [true] but found [false]
at com.RoofRocketai.Testcases.LoginPageTest.verifyInvalidSignIn(LoginPageTest.java:30)
at java.base/java.util.ArrayList.forEach(ArrayList.java:1511)
... Removed 30 stack frames]]>
    </failure>
  </testcase> <!-- verifyInvalidSignIn -->
  <testcase classname="com.RoofRocketai.Testcases.NavigatePageTest" name="getAllMenu" time="62.541"/>
  <testcase classname="com.RoofRocketai.Testcases.UserCreateFormPageTest" name="verifyValidUser" time="15.196"/>
  <testcase classname="com.RoofRocketai.Testcases.UserCreateFormPageTest" name="verifyInvalidUser" time="2.711">
    <failure type="java.lang.AssertionError" message="User: Saraswathi  Devi is not added previously. Create User !!!
 expected [true] but found [false]">
      <![CDATA[java.lang.AssertionError: User: Saraswathi  Devi is not added previously. Create User !!!
 expected [true] but found [false]
at com.RoofRocketai.Testcases.UserCreateFormPageTest.verifyInvalidUser(UserCreateFormPageTest.java:55)
at java.base/java.util.ArrayList.forEach(ArrayList.java:1511)
... Removed 30 stack frames]]>
    </failure>
  </testcase> <!-- verifyInvalidUser -->
  <testcase classname="com.RoofRocketai.Testcases.UserCreateFormPageTest" name="verifyUserFormMissingDetails" time="6.382"/>
  <testcase classname="com.RoofRocketai.Testcases.BaseClass" name="@AfterSuite reportFlush" time="0.0">
    <ignored/>
  </testcase> <!-- @AfterSuite reportFlush -->
  <testcase classname="com.RoofRocketai.Testcases.BaseClass" name="@AfterSuite reportFlush" time="0.0">
    <ignored/>
  </testcase> <!-- @AfterSuite reportFlush -->
  <testcase classname="com.RoofRocketai.Testcases.BaseClass" name="@BeforeSuite reportSetup" time="0.0">
    <ignored/>
  </testcase> <!-- @BeforeSuite reportSetup -->
  <testcase classname="com.RoofRocketai.Testcases.BaseClass" name="@BeforeSuite reportSetup" time="0.0">
    <ignored/>
  </testcase> <!-- @BeforeSuite reportSetup -->
</testsuite> <!-- TestChrome -->
